Copyright 1986-2020 Xilinx, Inc. All Rights Reserved.
------------------------------------------------------------------------------------
| Tool Version : Vivado v.2020.2 (win64) Build 3064766 Wed Nov 18 09:12:45 MST 2020
| Date         : Fri Feb 12 22:07:07 2021
| Host         : RemoteApp running 64-bit major release  (build 9200)
| Command      : upgrade_ip
| Device       : xc7z010clg400-1
------------------------------------------------------------------------------------

Upgrade Log for IP 'top_design_xlconstant_freq_0'

1. Summary
----------

SUCCESS in the upgrade of top_design_xlconstant_freq_0 (xilinx.com:ip:xlconstant:1.1) from (Rev. 6) to (Rev. 7)






Copyright 1986-2020 Xilinx, Inc. All Rights Reserved.
------------------------------------------------------------------------------------
| Tool Version : Vivado v.2020.2 (win64) Build 3064766 Wed Nov 18 09:12:45 MST 2020
| Date         : Fri Feb 12 22:07:07 2021
| Host         : RemoteApp running 64-bit major release  (build 9200)
| Command      : upgrade_ip
| Device       : xc7z010clg400-1
------------------------------------------------------------------------------------

Upgrade Log for IP 'top_design_xlconstant_0_0'

1. Summary
----------

SUCCESS in the upgrade of top_design_xlconstant_0_0 (xilinx.com:ip:xlconstant:1.1) from (Rev. 6) to (Rev. 7)






Copyright 1986-2020 Xilinx, Inc. All Rights Reserved.
------------------------------------------------------------------------------------
| Tool Version : Vivado v.2020.2 (win64) Build 3064766 Wed Nov 18 09:12:45 MST 2020
| Date         : Fri Feb 12 22:07:07 2021
| Host         : RemoteApp running 64-bit major release  (build 9200)
| Command      : upgrade_ip
| Device       : xc7z010clg400-1
------------------------------------------------------------------------------------

Upgrade Log for IP 'top_design_mult_gen_0_3'

1. Summary
----------

SUCCESS in the upgrade of top_design_mult_gen_0_3 (xilinx.com:ip:mult_gen:12.0) from (Rev. 15) to (Rev. 16)






Copyright 1986-2020 Xilinx, Inc. All Rights Reserved.
------------------------------------------------------------------------------------
| Tool Version : Vivado v.2020.2 (win64) Build 3064766 Wed Nov 18 09:12:45 MST 2020
| Date         : Fri Feb 12 22:07:07 2021
| Host         : RemoteApp running 64-bit major release  (build 9200)
| Command      : upgrade_ip
| Device       : xc7z010clg400-1
------------------------------------------------------------------------------------

Upgrade Log for IP 'top_design_mult_gen_0_1'

1. Summary
----------

SUCCESS in the upgrade of top_design_mult_gen_0_1 (xilinx.com:ip:mult_gen:12.0) from (Rev. 15) to (Rev. 16)






Copyright 1986-2020 Xilinx, Inc. All Rights Reserved.
------------------------------------------------------------------------------------
| Tool Version : Vivado v.2020.2 (win64) Build 3064766 Wed Nov 18 09:12:45 MST 2020
| Date         : Fri Feb 12 22:07:07 2021
| Host         : RemoteApp running 64-bit major release  (build 9200)
| Command      : upgrade_ip
| Device       : xc7z010clg400-1
------------------------------------------------------------------------------------

Upgrade Log for IP 'top_design_dds_compiler_0_0'

1. Summary
----------

SUCCESS in the upgrade of top_design_dds_compiler_0_0 (xilinx.com:ip:dds_compiler:6.0) from (Rev. 18) to (Rev. 20)






Copyright 1986-2020 Xilinx, Inc. All Rights Reserved.
------------------------------------------------------------------------------------
| Tool Version : Vivado v.2020.2 (win64) Build 3064766 Wed Nov 18 09:12:45 MST 2020
| Date         : Fri Feb 12 22:07:07 2021
| Host         : RemoteApp running 64-bit major release  (build 9200)
| Command      : upgrade_ip
| Device       : xc7z010clg400-1
------------------------------------------------------------------------------------

Upgrade Log for IP 'top_design_c_counter_binary_0_1'

1. Summary
----------

SUCCESS in the upgrade of top_design_c_counter_binary_0_1 (xilinx.com:ip:c_counter_binary:12.0) from (Rev. 13) to (Rev. 14)






Copyright 1986-2020 Xilinx, Inc. All Rights Reserved.
------------------------------------------------------------------------------------
| Tool Version : Vivado v.2020.2 (win64) Build 3064766 Wed Nov 18 09:12:45 MST 2020
| Date         : Fri Feb 12 22:07:07 2021
| Host         : RemoteApp running 64-bit major release  (build 9200)
| Command      : upgrade_ip
| Device       : xc7z010clg400-1
------------------------------------------------------------------------------------

Upgrade Log for IP 'top_design_c_counter_binary_0_0'

1. Summary
----------

SUCCESS in the upgrade of top_design_c_counter_binary_0_0 (xilinx.com:ip:c_counter_binary:12.0) from (Rev. 13) to (Rev. 14)






Copyright 1986-2020 Xilinx, Inc. All Rights Reserved.
------------------------------------------------------------------------------------
| Tool Version : Vivado v.2020.2 (win64) Build 3064766 Wed Nov 18 09:12:45 MST 2020
| Date         : Fri Feb 12 22:07:07 2021
| Host         : RemoteApp running 64-bit major release  (build 9200)
| Command      : upgrade_ip
| Device       : xc7z010clg400-1
------------------------------------------------------------------------------------

Upgrade Log for IP 'top_design_c_addsub_0_2'

1. Summary
----------

SUCCESS in the upgrade of top_design_c_addsub_0_2 (xilinx.com:ip:c_addsub:12.0) from (Rev. 13) to (Rev. 14)

